<?xml version="1.0" encoding="UTF-8"?>
<testsuite xmlns:xsi="http://www.w3.org/2001/XMLSchema-instance" xsi:noNamespaceSchemaLocation="https://maven.apache.org/surefire/maven-surefire-plugin/xsd/surefire-test-report.xsd" version="3.0.2" name="com.accenture.pessoa.PessoaApplicationTests" time="3.542" tests="1" errors="0" skipped="0" failures="0" flakes="0">
  <properties>
[...]
</properties>
  <testcase name="contextLoads" classname="com.accenture.pessoa.PessoaApplicationTests" time="0.231">
    <system-out><![CDATA[17:30:05.930 [main] INFO org.springframework.test.context.support.AnnotationConfigContextLoaderUtils -- Could not detect default configuration classes for test class [com.accenture.pessoa.PessoaApplicationTests]: PessoaApplicationTests does not declare any static, non-private, non-final, nested classes annotated with @Configuration.
17:30:05.994 [main] INFO org.springframework.boot.test.context.SpringBootTestContextBootstrapper -- Found @SpringBootConfiguration com.accenture.pessoa.PessoaSwaggerApplication for test class com.accenture.pessoa.PessoaApplicationTests
17:30:06.049 [main] INFO org.springframework.test.context.support.AnnotationConfigContextLoaderUtils -- Could not detect default configuration classes for test class [com.accenture.pessoa.PessoaApplicationTests]: PessoaApplicationTests does not declare any static, non-private, non-final, nested classes annotated with @Configuration.
17:30:06.050 [main] INFO org.springframework.boot.test.context.SpringBootTestContextBootstrapper -- Found @SpringBootConfiguration com.accenture.pessoa.PessoaSwaggerApplication for test class com.accenture.pessoa.PessoaApplicationTests
17:30:06.103 [main] INFO org.springframework.boot.devtools.restart.RestartApplicationListener -- Restart disabled due to context in which it is running

  .   ____          _            __ _ _
 /\\ / ___'_ __ _ _(_)_ __  __ _ \ \ \ \
( ( )\___ | '_ | '_| | '_ \/ _` | \ \ \ \
 \\/  ___)| |_)| | | | | || (_| |  ) ) ) )
  '  |____| .__|_| |_|_| |_\__, | / / / /
 =========|_|==============|___/=/_/_/_/

 :: Spring Boot ::                (v4.0.6)

2026-05-05T17:30:06.281-03:00  INFO 2096 --- [pessoaSwagger] [           main] c.a.pessoa.PessoaApplicationTests        : Starting PessoaApplicationTests using Java 21.0.11 with PID 2096 (started by edoardo_fama in C:\accenture_projects\dia05\pessoa)
2026-05-05T17:30:06.283-03:00  INFO 2096 --- [pessoaSwagger] [           main] c.a.pessoa.PessoaApplicationTests        : No active profile set, falling back to 1 default profile: "default"
2026-05-05T17:30:06.876-03:00  INFO 2096 --- [pessoaSwagger] [           main] .s.d.r.c.RepositoryConfigurationDelegate : Bootstrapping Spring Data JPA repositories in DEFAULT mode.
2026-05-05T17:30:06.917-03:00  INFO 2096 --- [pessoaSwagger] [           main] .s.d.r.c.RepositoryConfigurationDelegate : Finished Spring Data repository scanning in 34 ms. Found 1 JPA repository interface.
2026-05-05T17:30:07.271-03:00  INFO 2096 --- [pessoaSwagger] [           main] org.hibernate.orm.jpa                    : HHH008540: Processing PersistenceUnitInfo [name: default]
2026-05-05T17:30:07.364-03:00  INFO 2096 --- [pessoaSwagger] [           main] org.hibernate.orm.core                   : HHH000001: Hibernate ORM core version 7.2.12.Final
2026-05-05T17:30:07.716-03:00  INFO 2096 --- [pessoaSwagger] [           main] o.s.o.j.p.SpringPersistenceUnitInfo      : No LoadTimeWeaver setup: ignoring JPA class transformer
2026-05-05T17:30:07.736-03:00  INFO 2096 --- [pessoaSwagger] [           main] com.zaxxer.hikari.HikariDataSource       : HikariPool-1 - Starting...
2026-05-05T17:30:07.834-03:00  INFO 2096 --- [pessoaSwagger] [           main] com.zaxxer.hikari.pool.HikariPool        : HikariPool-1 - Added connection conn0: url=jdbc:h2:mem:mydb user=SA
2026-05-05T17:30:07.837-03:00  INFO 2096 --- [pessoaSwagger] [           main] com.zaxxer.hikari.HikariDataSource       : HikariPool-1 - Start completed.
2026-05-05T17:30:07.850-03:00  WARN 2096 --- [pessoaSwagger] [           main] org.hibernate.orm.deprecation            : HHH90000025: H2Dialect does not need to be specified explicitly using 'hibernate.dialect' (remove the property setting and it will be selected by default)
2026-05-05T17:30:07.864-03:00  INFO 2096 --- [pessoaSwagger] [           main] org.hibernate.orm.connections.pooling    : HHH10001005: Database info:
	Database JDBC URL [jdbc:h2:mem:mydb]
	Database driver: H2 JDBC Driver
	Database dialect: H2Dialect
	Database version: 2.4.240
	Default catalog/schema: MYDB/PUBLIC
	Autocommit mode: undefined/unknown
	Isolation level: READ_COMMITTED [default READ_COMMITTED]
	JDBC fetch size: 100
	Pool: DataSourceConnectionProvider
	Minimum pool size: undefined/unknown
	Maximum pool size: undefined/unknown
2026-05-05T17:30:08.425-03:00  INFO 2096 --- [pessoaSwagger] [           main] org.hibernate.orm.core                   : HHH000489: No JTA platform available (set 'hibernate.transaction.jta.platform' to enable JTA platform integration)
2026-05-05T17:30:08.449-03:00  INFO 2096 --- [pessoaSwagger] [           main] j.LocalContainerEntityManagerFactoryBean : Initialized JPA EntityManagerFactory for persistence unit 'default'
2026-05-05T17:30:08.499-03:00  INFO 2096 --- [pessoaSwagger] [           main] o.s.d.j.r.query.QueryEnhancerFactories   : Hibernate is in classpath; If applicable, HQL parser will be used.
2026-05-05T17:30:08.669-03:00  WARN 2096 --- [pessoaSwagger] [           main] JpaBaseConfiguration$JpaWebConfiguration : spring.jpa.open-in-view is enabled by default. Therefore, database queries may be performed during view rendering. Explicitly configure spring.jpa.open-in-view to disable this warning
2026-05-05T17:30:09.063-03:00  INFO 2096 --- [pessoaSwagger] [           main] c.a.pessoa.PessoaApplicationTests        : Started PessoaApplicationTests in 2.969 seconds (process running for 3.71)
]]></system-out>
    <system-err><![CDATA[Mockito is currently self-attaching to enable the inline-mock-maker. This will no longer work in future releases of the JDK. Please add Mockito as an agent to your build as described in Mockito's documentation: https://javadoc.io/doc/org.mockito/mockito-core/latest/org.mockito/org/mockito/Mockito.html#0.3
WARNING: A Java agent has been loaded dynamically (C:\Users\edoar\.m2\repository\net\bytebuddy\byte-buddy-agent\1.17.8\byte-buddy-agent-1.17.8.jar)
WARNING: If a serviceability tool is in use, please run with -XX:+EnableDynamicAgentLoading to hide this warning
WARNING: If a serviceability tool is not in use, please run with -Djdk.instrument.traceUsage for more information
WARNING: Dynamic loading of agents will be disallowed by default in a future release
]]></system-err>
  </testcase>
</testsuite>